{"contracts/Distributer.sol":{"l":{"18":3,"19":3,"20":3,"21":3,"22":3,"38":3,"39":3,"40":1,"41":1,"42":1,"43":1,"44":1,"46":1,"47":1,"52":1,"53":1,"54":1,"55":1,"56":1,"57":1,"58":1,"60":1,"61":1,"66":2,"67":0,"68":0,"73":15,"74":15,"75":13,"76":13,"77":13,"78":13,"80":11,"81":9,"82":9,"85":2,"86":0,"87":0,"89":9,"91":9,"92":0,"94":9,"95":9},"path":"/home/karen/Token---Distributer/contracts/Distributer.sol","s":{"1":3,"2":3,"3":3,"4":3,"5":3,"6":3,"7":3,"8":1,"9":1,"10":1,"11":1,"12":1,"13":1,"14":1,"15":1,"16":1,"17":1,"18":1,"19":1,"20":1,"21":1,"22":1,"23":1,"24":2,"25":0,"26":0,"27":15,"28":15,"29":13,"30":13,"31":13,"32":13,"33":11,"34":9,"35":9,"36":2,"37":0,"38":0,"39":9,"40":9,"41":0,"42":9,"43":9},"b":{"1":[3,0],"2":[1,2],"3":[1,0],"4":[1,0],"5":[1,0],"6":[1,0],"7":[1,0],"8":[0,2],"9":[0,0],"10":[13,2],"11":[13,0],"12":[11,2],"13":[9,2],"14":[0,2],"15":[9,0],"16":[0,9],"17":[9,0]},"f":{"1":3,"2":3,"3":1,"4":2,"5":15},"fnMap":{"1":{"name":"constructor","line":17,"loc":{"start":{"line":17,"column":4},"end":{"line":23,"column":4}}},"2":{"name":"addFounder","line":36,"loc":{"start":{"line":36,"column":3},"end":{"line":48,"column":4}}},"3":{"name":"addEmployee","line":50,"loc":{"start":{"line":50,"column":4},"end":{"line":62,"column":4}}},"4":{"name":"soldTokensManagement","line":64,"loc":{"start":{"line":64,"column":4},"end":{"line":69,"column":4}}},"5":{"name":"claim","line":71,"loc":{"start":{"line":71,"column":4},"end":{"line":96,"column":4}}}},"statementMap":{"1":{"start":{"line":18,"column":8},"end":{"line":18,"column":34}},"2":{"start":{"line":19,"column":8},"end":{"line":19,"column":48}},"3":{"start":{"line":20,"column":8},"end":{"line":20,"column":49}},"4":{"start":{"line":21,"column":8},"end":{"line":21,"column":50}},"5":{"start":{"line":22,"column":8},"end":{"line":22,"column":142}},"6":{"start":{"line":38,"column":8},"end":{"line":38,"column":47}},"7":{"start":{"line":39,"column":8},"end":{"line":39,"column":83}},"8":{"start":{"line":40,"column":8},"end":{"line":40,"column":108}},"9":{"start":{"line":41,"column":8},"end":{"line":41,"column":42}},"10":{"start":{"line":42,"column":8},"end":{"line":42,"column":34}},"11":{"start":{"line":43,"column":8},"end":{"line":43,"column":36}},"12":{"start":{"line":44,"column":8},"end":{"line":44,"column":47}},"13":{"start":{"line":46,"column":8},"end":{"line":46,"column":37}},"14":{"start":{"line":47,"column":8},"end":{"line":47,"column":83}},"15":{"start":{"line":52,"column":8},"end":{"line":52,"column":48}},"16":{"start":{"line":53,"column":8},"end":{"line":53,"column":97}},"17":{"start":{"line":54,"column":8},"end":{"line":54,"column":108}},"18":{"start":{"line":55,"column":8},"end":{"line":55,"column":43}},"19":{"start":{"line":56,"column":8},"end":{"line":56,"column":34}},"20":{"start":{"line":57,"column":8},"end":{"line":57,"column":37}},"21":{"start":{"line":58,"column":8},"end":{"line":58,"column":47}},"22":{"start":{"line":60,"column":8},"end":{"line":60,"column":38}},"23":{"start":{"line":61,"column":8},"end":{"line":61,"column":85}},"24":{"start":{"line":66,"column":8},"end":{"line":66,"column":102}},"25":{"start":{"line":67,"column":8},"end":{"line":67,"column":77}},"26":{"start":{"line":68,"column":8},"end":{"line":68,"column":39}},"27":{"start":{"line":73,"column":8},"end":{"line":73,"column":48}},"28":{"start":{"line":74,"column":8},"end":{"line":74,"column":76}},"29":{"start":{"line":75,"column":8},"end":{"line":75,"column":81}},"30":{"start":{"line":76,"column":8},"end":{"line":76,"column":25}},"31":{"start":{"line":77,"column":8},"end":{"line":77,"column":22}},"32":{"start":{"line":78,"column":8},"end":{"line":78,"column":2906}},"33":{"start":{"line":80,"column":12},"end":{"line":80,"column":102}},"34":{"start":{"line":81,"column":12},"end":{"line":81,"column":85}},"35":{"start":{"line":82,"column":12},"end":{"line":82,"column":45}},"36":{"start":{"line":85,"column":12},"end":{"line":85,"column":102}},"37":{"start":{"line":86,"column":12},"end":{"line":86,"column":85}},"38":{"start":{"line":87,"column":12},"end":{"line":87,"column":44}},"39":{"start":{"line":89,"column":8},"end":{"line":89,"column":87}},"40":{"start":{"line":91,"column":8},"end":{"line":91,"column":3559}},"41":{"start":{"line":92,"column":12},"end":{"line":92,"column":32}},"42":{"start":{"line":94,"column":8},"end":{"line":94,"column":93}},"43":{"start":{"line":95,"column":8},"end":{"line":95,"column":24}}},"branchMap":{"1":{"line":22,"type":"if","locations":[{"start":{"line":22,"column":8},"end":{"line":22,"column":8}},{"start":{"line":22,"column":8},"end":{"line":22,"column":8}}]},"2":{"line":39,"type":"if","locations":[{"start":{"line":39,"column":8},"end":{"line":39,"column":8}},{"start":{"line":39,"column":8},"end":{"line":39,"column":8}}]},"3":{"line":40,"type":"if","locations":[{"start":{"line":40,"column":8},"end":{"line":40,"column":8}},{"start":{"line":40,"column":8},"end":{"line":40,"column":8}}]},"4":{"line":47,"type":"if","locations":[{"start":{"line":47,"column":8},"end":{"line":47,"column":8}},{"start":{"line":47,"column":8},"end":{"line":47,"column":8}}]},"5":{"line":53,"type":"if","locations":[{"start":{"line":53,"column":8},"end":{"line":53,"column":8}},{"start":{"line":53,"column":8},"end":{"line":53,"column":8}}]},"6":{"line":54,"type":"if","locations":[{"start":{"line":54,"column":8},"end":{"line":54,"column":8}},{"start":{"line":54,"column":8},"end":{"line":54,"column":8}}]},"7":{"line":61,"type":"if","locations":[{"start":{"line":61,"column":8},"end":{"line":61,"column":8}},{"start":{"line":61,"column":8},"end":{"line":61,"column":8}}]},"8":{"line":66,"type":"if","locations":[{"start":{"line":66,"column":8},"end":{"line":66,"column":8}},{"start":{"line":66,"column":8},"end":{"line":66,"column":8}}]},"9":{"line":67,"type":"if","locations":[{"start":{"line":67,"column":8},"end":{"line":67,"column":8}},{"start":{"line":67,"column":8},"end":{"line":67,"column":8}}]},"10":{"line":74,"type":"if","locations":[{"start":{"line":74,"column":8},"end":{"line":74,"column":8}},{"start":{"line":74,"column":8},"end":{"line":74,"column":8}}]},"11":{"line":75,"type":"if","locations":[{"start":{"line":75,"column":8},"end":{"line":75,"column":8}},{"start":{"line":75,"column":8},"end":{"line":75,"column":8}}]},"12":{"line":78,"type":"if","locations":[{"start":{"line":78,"column":8},"end":{"line":78,"column":8}},{"start":{"line":78,"column":8},"end":{"line":78,"column":8}}]},"13":{"line":80,"type":"if","locations":[{"start":{"line":80,"column":12},"end":{"line":80,"column":12}},{"start":{"line":80,"column":12},"end":{"line":80,"column":12}}]},"14":{"line":85,"type":"if","locations":[{"start":{"line":85,"column":12},"end":{"line":85,"column":12}},{"start":{"line":85,"column":12},"end":{"line":85,"column":12}}]},"15":{"line":89,"type":"if","locations":[{"start":{"line":89,"column":8},"end":{"line":89,"column":8}},{"start":{"line":89,"column":8},"end":{"line":89,"column":8}}]},"16":{"line":91,"type":"if","locations":[{"start":{"line":91,"column":8},"end":{"line":91,"column":8}},{"start":{"line":91,"column":8},"end":{"line":91,"column":8}}]},"17":{"line":94,"type":"if","locations":[{"start":{"line":94,"column":8},"end":{"line":94,"column":8}},{"start":{"line":94,"column":8},"end":{"line":94,"column":8}}]}}},"contracts/FastToken.sol":{"l":{"12":6},"path":"/home/karen/Token---Distributer/contracts/FastToken.sol","s":{"1":6},"b":{},"f":{"1":6},"fnMap":{"1":{"name":"constructor","line":10,"loc":{"start":{"line":9,"column":4},"end":{"line":13,"column":4}}}},"statementMap":{"1":{"start":{"line":12,"column":8},"end":{"line":12,"column":46}}},"branchMap":{}}}