TN:
SF:/home/karen/Token---Distributer/contracts/Distributer.sol
FN:17,constructor
FN:36,addFounder
FN:50,addEmployee
FN:64,soldTokensManagement
FN:71,claim
FNF:5
FNH:5
FNDA:3,constructor
FNDA:3,addFounder
FNDA:1,addEmployee
FNDA:2,soldTokensManagement
FNDA:15,claim
DA:18,3
DA:19,3
DA:20,3
DA:21,3
DA:22,3
DA:38,3
DA:39,3
DA:40,1
DA:41,1
DA:42,1
DA:43,1
DA:44,1
DA:46,1
DA:47,1
DA:52,1
DA:53,1
DA:54,1
DA:55,1
DA:56,1
DA:57,1
DA:58,1
DA:60,1
DA:61,1
DA:66,2
DA:67,0
DA:68,0
DA:73,15
DA:74,15
DA:75,13
DA:76,13
DA:77,13
DA:78,13
DA:80,11
DA:81,9
DA:82,9
DA:85,2
DA:86,0
DA:87,0
DA:89,9
DA:91,9
DA:92,0
DA:94,9
DA:95,9
LF:43
LH:38
BRDA:22,1,0,3
BRDA:22,1,1,0
BRDA:39,2,0,1
BRDA:39,2,1,2
BRDA:40,3,0,1
BRDA:40,3,1,0
BRDA:47,4,0,1
BRDA:47,4,1,0
BRDA:53,5,0,1
BRDA:53,5,1,0
BRDA:54,6,0,1
BRDA:54,6,1,0
BRDA:61,7,0,1
BRDA:61,7,1,0
BRDA:66,8,0,0
BRDA:66,8,1,2
BRDA:67,9,0,0
BRDA:67,9,1,0
BRDA:74,10,0,13
BRDA:74,10,1,2
BRDA:75,11,0,13
BRDA:75,11,1,0
BRDA:78,12,0,11
BRDA:78,12,1,2
BRDA:80,13,0,9
BRDA:80,13,1,2
BRDA:85,14,0,0
BRDA:85,14,1,2
BRDA:89,15,0,9
BRDA:89,15,1,0
BRDA:91,16,0,0
BRDA:91,16,1,9
BRDA:94,17,0,9
BRDA:94,17,1,0
BRF:34
BRH:20
end_of_record
TN:
SF:/home/karen/Token---Distributer/contracts/FastToken.sol
FN:10,constructor
FNF:1
FNH:1
FNDA:6,constructor
DA:12,6
LF:1
LH:1
BRF:0
BRH:0
end_of_record
